<?xml version="1.0" encoding="UTF-8"?>
<testsuite xmlns:xsi="http://www.w3.org/2001/XMLSchema-instance" xsi:noNamespaceSchemaLocation="https://maven.apache.org/surefire/maven-surefire-plugin/xsd/surefire-test-report-3.0.xsd" version="3.0" name="com.Vpetsoft.VpetsoftApp.VpetsoftAppApplicationTests" time="12.319" tests="1" errors="0" skipped="0" failures="0">
  <properties>
[...]
</properties>
  <testcase name="contextLoads" classname="com.Vpetsoft.VpetsoftApp.VpetsoftAppApplicationTests" time="0.775">
    <system-out><![CDATA[10:15:53.652 [main] INFO org.springframework.test.context.support.AnnotationConfigContextLoaderUtils -- Could not detect default configuration classes for test class [com.Vpetsoft.VpetsoftApp.VpetsoftAppApplicationTests]: VpetsoftAppApplicationTests does not declare any static, non-private, non-final, nested classes annotated with @Configuration.
10:15:53.918 [main] INFO org.springframework.boot.test.context.SpringBootTestContextBootstrapper -- Found @SpringBootConfiguration com.Vpetsoft.VpetsoftApp.VpetsoftAppApplication for test class com.Vpetsoft.VpetsoftApp.VpetsoftAppApplicationTests
10:15:54.200 [main] INFO org.springframework.boot.devtools.restart.RestartApplicationListener -- Restart disabled due to context in which it is running

  .   ____          _            __ _ _
 /\\ / ___'_ __ _ _(_)_ __  __ _ \ \ \ \
( ( )\___ | '_ | '_| | '_ \/ _` | \ \ \ \
 \\/  ___)| |_)| | | | | || (_| |  ) ) ) )
  '  |____| .__|_| |_|_| |_\__, | / / / /
 =========|_|==============|___/=/_/_/_/
 :: Spring Boot ::                (v3.2.2)

2024-06-22T10:15:54.705-05:00  INFO 10264 --- [           main] c.V.V.VpetsoftAppApplicationTests        : Starting VpetsoftAppApplicationTests using Java 21.0.2 with PID 10264 (started by Daniel in D:\Proyecto despliegue spring-boot)
2024-06-22T10:15:54.705-05:00  INFO 10264 --- [           main] c.V.V.VpetsoftAppApplicationTests        : No active profile set, falling back to 1 default profile: "default"
2024-06-22T10:15:56.471-05:00  INFO 10264 --- [           main] .s.d.r.c.RepositoryConfigurationDelegate : Bootstrapping Spring Data JPA repositories in DEFAULT mode.
2024-06-22T10:15:56.706-05:00  INFO 10264 --- [           main] .s.d.r.c.RepositoryConfigurationDelegate : Finished Spring Data repository scanning in 227 ms. Found 25 JPA repository interfaces.
2024-06-22T10:15:57.758-05:00  INFO 10264 --- [           main] o.hibernate.jpa.internal.util.LogHelper  : HHH000204: Processing PersistenceUnitInfo [name: default]
2024-06-22T10:15:57.883-05:00  INFO 10264 --- [           main] org.hibernate.Version                    : HHH000412: Hibernate ORM core version 6.4.1.Final
2024-06-22T10:15:57.962-05:00  INFO 10264 --- [           main] o.h.c.internal.RegionFactoryInitiator    : HHH000026: Second-level cache disabled
2024-06-22T10:15:58.495-05:00  INFO 10264 --- [           main] o.s.o.j.p.SpringPersistenceUnitInfo      : No LoadTimeWeaver setup: ignoring JPA class transformer
2024-06-22T10:15:58.543-05:00  INFO 10264 --- [           main] com.zaxxer.hikari.HikariDataSource       : HikariPool-1 - Starting...
2024-06-22T10:15:58.856-05:00  INFO 10264 --- [           main] com.zaxxer.hikari.pool.HikariPool        : HikariPool-1 - Added connection com.mysql.cj.jdbc.ConnectionImpl@7d1f3fe9
2024-06-22T10:15:58.856-05:00  INFO 10264 --- [           main] com.zaxxer.hikari.HikariDataSource       : HikariPool-1 - Start completed.
2024-06-22T10:15:58.888-05:00  WARN 10264 --- [           main] org.hibernate.orm.deprecation            : HHH90000025: MySQL8Dialect does not need to be specified explicitly using 'hibernate.dialect' (remove the property setting and it will be selected by default)
2024-06-22T10:15:58.888-05:00  WARN 10264 --- [           main] org.hibernate.orm.deprecation            : HHH90000026: MySQL8Dialect has been deprecated; use org.hibernate.dialect.MySQLDialect instead
2024-06-22T10:16:01.031-05:00  INFO 10264 --- [           main] o.h.e.t.j.p.i.JtaPlatformInitiator       : HHH000489: No JTA platform available (set 'hibernate.transaction.jta.platform' to enable JTA platform integration)
2024-06-22T10:16:01.031-05:00  INFO 10264 --- [           main] j.LocalContainerEntityManagerFactoryBean : Initialized JPA EntityManagerFactory for persistence unit 'default'
2024-06-22T10:16:01.894-05:00  INFO 10264 --- [           main] o.s.d.j.r.query.QueryEnhancerFactory     : Hibernate is in classpath; If applicable, HQL parser will be used.
2024-06-22T10:16:04.018-05:00  WARN 10264 --- [           main] JpaBaseConfiguration$JpaWebConfiguration : spring.jpa.open-in-view is enabled by default. Therefore, database queries may be performed during view rendering. Explicitly configure spring.jpa.open-in-view to disable this warning
2024-06-22T10:16:04.745-05:00  INFO 10264 --- [           main] c.V.V.VpetsoftAppApplicationTests        : Started VpetsoftAppApplicationTests in 10.56 seconds (process running for 12.647)
]]></system-out>
    <system-err><![CDATA[WARNING: A Java agent has been loaded dynamically (C:\Users\Lenovo\.m2\repository\net\bytebuddy\byte-buddy-agent\1.14.11\byte-buddy-agent-1.14.11.jar)
WARNING: If a serviceability tool is in use, please run with -XX:+EnableDynamicAgentLoading to hide this warning
WARNING: If a serviceability tool is not in use, please run with -Djdk.instrument.traceUsage for more information
WARNING: Dynamic loading of agents will be disallowed by default in a future release
]]></system-err>
  </testcase>
</testsuite>